Arguments: 
  /Users/s/.nvm/versions/node/v8.10.0/bin/node /Users/s/.nvm/versions/node/v8.10.0/bin/yarn add now-builders

PATH: 
  /Users/s/.nvm/versions/node/v8.10.0/bin:/Users/s/Library/Python/2.7/bin/:~/.rbenv/shims:/usr/local/opt/libxml2/bin:/usr/local/Cellar/node/11.11.0/bin:/usr/local/bin:/usr/local/sbin:/Users/s/.rbenv/bin:/usr/local/share/npm/bin:/usr/X11/bin:/usr/local/opt/binutils/bin:/usr/local/opt/ncurses/bin:/Users/s/.rbenv/shims:/usr/local/bin:/usr/bin:/bin:/usr/sbin:/sbin:/usr/local/MacGPG2/bin:/opt/X11/bin

Yarn version: 
  1.13.0

Node version: 
  8.10.0

Platform: 
  darwin x64

Trace: 
  Error: https://registry.yarnpkg.com/now-builders: Not found
      at Request.params.callback [as _callback] (/Users/s/.nvm/versions/node/v8.10.0/lib/node_modules/yarn/lib/cli.js:66255:18)
      at Request.self.callback (/Users/s/.nvm/versions/node/v8.10.0/lib/node_modules/yarn/lib/cli.js:129397:22)
      at emitTwo (events.js:126:13)
      at Request.emit (events.js:214:7)
      at Request.<anonymous> (/Users/s/.nvm/versions/node/v8.10.0/lib/node_modules/yarn/lib/cli.js:130369:10)
      at emitOne (events.js:116:13)
      at Request.emit (events.js:211:7)
      at IncomingMessage.<anonymous> (/Users/s/.nvm/versions/node/v8.10.0/lib/node_modules/yarn/lib/cli.js:130291:12)
      at Object.onceWrapper (events.js:313:30)
      at emitNone (events.js:111:20)

npm manifest: 
  {
    "name": "deploy",
    "version": "1.0.0",
    "main": "index.js",
    "license": "MIT"
  }

yarn manifest: 
  No manifest

Lockfile: 
  No lockfile
